app/build/intermediates/manifest_merge_blame_file/release/manifest-merger-blame-release-report.txt
1<?xml version="1.0" encoding="utf-8"?>
2<manifest xmlns:android="http://schemas.android.com/apk/res/android"
3    package="com.ramadan.islami"
4    android:versionCode="5"
5    android:versionName="1.4" >
6
7    <uses-sdk
8        android:minSdkVersion="21"
8-->src\main\AndroidManifest.xml
9        android:targetSdkVersion="30" />
9-->src\main\AndroidManifest.xml
10
11    <uses-permission android:name="android.permission.ACCESS_COARSE_LOCATION" />
11-->src\main\AndroidManifest.xml:6:5-81
11-->src\main\AndroidManifest.xml:6:22-78
12    <uses-permission android:name="android.permission.ACCESS_FINE_LOCATION" />
12-->src\main\AndroidManifest.xml:7:5-79
12-->src\main\AndroidManifest.xml:7:22-76
13    <uses-permission android:name="android.permission.INTERNET" />
13-->src\main\AndroidManifest.xml:8:5-67
13-->src\main\AndroidManifest.xml:8:22-64
14    <uses-permission android:name="android.permission.WRITE_EXTERNAL_STORAGE" />
14-->src\main\AndroidManifest.xml:9:5-81
14-->src\main\AndroidManifest.xml:9:22-78
15    <uses-permission android:name="android.permission.READ_EXTERNAL_STORAGE" />
15-->src\main\AndroidManifest.xml:10:5-80
15-->src\main\AndroidManifest.xml:10:22-77
16    <uses-permission android:name="android.permission.ACCESS_NETWORK_STATE" />
16-->src\main\AndroidManifest.xml:11:5-79
16-->src\main\AndroidManifest.xml:11:22-76
17    <uses-permission android:name="android.permission.BROADCAST_STICKY" />
17-->src\main\AndroidManifest.xml:12:5-75
17-->src\main\AndroidManifest.xml:12:22-72
18    <uses-permission android:name="android.permission.WAKE_LOCK" />
18-->src\main\AndroidManifest.xml:13:5-68
18-->src\main\AndroidManifest.xml:13:22-65
19    <uses-permission android:name="android.permission.RECEIVE_BOOT_COMPLETED" />
19-->src\main\AndroidManifest.xml:14:5-81
19-->src\main\AndroidManifest.xml:14:22-78
20    <uses-permission android:name="android.permission.USE_FULL_SCREEN_INTENT" />
20-->src\main\AndroidManifest.xml:15:5-81
20-->src\main\AndroidManifest.xml:15:22-78
21
22    <!-- Create a unique permission for your app and use it so only your app can receive your OneSignal messages. -->
23    <permission
23-->[com.onesignal:OneSignal:4.2.0] AndroidManifest.xml:7:5-9:47
24        android:name="com.ramadan.islami.permission.C2D_MESSAGE"
24-->[com.onesignal:OneSignal:4.2.0] AndroidManifest.xml:8:9-63
25        android:protectionLevel="signature" />
25-->[com.onesignal:OneSignal:4.2.0] AndroidManifest.xml:9:9-44
26
27    <uses-permission android:name="com.ramadan.islami.permission.C2D_MESSAGE" /> <!-- c2dm RECEIVE are basic requirements for push messages through Google's FCM -->
27-->[com.onesignal:OneSignal:4.2.0] AndroidManifest.xml:11:5-79
27-->[com.onesignal:OneSignal:4.2.0] AndroidManifest.xml:11:22-76
28    <uses-permission android:name="com.google.android.c2dm.permission.RECEIVE" />
28-->[com.onesignal:OneSignal:4.2.0] AndroidManifest.xml:17:5-82
28-->[com.onesignal:OneSignal:4.2.0] AndroidManifest.xml:17:22-79
29    <!--
30 Required so the device vibrates on receiving a push notification.
31         Vibration settings of the device still apply.
32    -->
33    <uses-permission android:name="android.permission.VIBRATE" /> <!-- START: ShortcutBadger -->
33-->[com.onesignal:OneSignal:4.2.0] AndroidManifest.xml:23:5-66
33-->[com.onesignal:OneSignal:4.2.0] AndroidManifest.xml:23:22-63
34    <!-- Samsung -->
35    <uses-permission android:name="com.sec.android.provider.badge.permission.READ" />
35-->[com.onesignal:OneSignal:4.2.0] AndroidManifest.xml:31:5-86
35-->[com.onesignal:OneSignal:4.2.0] AndroidManifest.xml:31:22-83
36    <uses-permission android:name="com.sec.android.provider.badge.permission.WRITE" /> <!-- HTC -->
36-->[com.onesignal:OneSignal:4.2.0] AndroidManifest.xml:32:5-87
36-->[com.onesignal:OneSignal:4.2.0] AndroidManifest.xml:32:22-84
37    <uses-permission android:name="com.htc.launcher.permission.READ_SETTINGS" />
37-->[com.onesignal:OneSignal:4.2.0] AndroidManifest.xml:33:5-81
37-->[com.onesignal:OneSignal:4.2.0] AndroidManifest.xml:33:22-78
38    <uses-permission android:name="com.htc.launcher.permission.UPDATE_SHORTCUT" /> <!-- Sony -->
38-->[com.onesignal:OneSignal:4.2.0] AndroidManifest.xml:34:5-83
38-->[com.onesignal:OneSignal:4.2.0] AndroidManifest.xml:34:22-80
39    <uses-permission android:name="com.sonyericsson.home.permission.BROADCAST_BADGE" />
39-->[com.onesignal:OneSignal:4.2.0] AndroidManifest.xml:35:5-88
39-->[com.onesignal:OneSignal:4.2.0] AndroidManifest.xml:35:22-85
40    <uses-permission android:name="com.sonymobile.home.permission.PROVIDER_INSERT_BADGE" /> <!-- Apex -->
40-->[com.onesignal:OneSignal:4.2.0] AndroidManifest.xml:36:5-92
40-->[com.onesignal:OneSignal:4.2.0] AndroidManifest.xml:36:22-89
41    <uses-permission android:name="com.anddoes.launcher.permission.UPDATE_COUNT" /> <!-- Solid -->
41-->[com.onesignal:OneSignal:4.2.0] AndroidManifest.xml:37:5-84
41-->[com.onesignal:OneSignal:4.2.0] AndroidManifest.xml:37:22-81
42    <uses-permission android:name="com.majeur.launcher.permission.UPDATE_BADGE" /> <!-- Huawei -->
42-->[com.onesignal:OneSignal:4.2.0] AndroidManifest.xml:38:5-83
42-->[com.onesignal:OneSignal:4.2.0] AndroidManifest.xml:38:22-80
43    <uses-permission android:name="com.huawei.android.launcher.permission.CHANGE_BADGE" />
43-->[com.onesignal:OneSignal:4.2.0] AndroidManifest.xml:39:5-91
43-->[com.onesignal:OneSignal:4.2.0] AndroidManifest.xml:39:22-88
44    <uses-permission android:name="com.huawei.android.launcher.permission.READ_SETTINGS" />
44-->[com.onesignal:OneSignal:4.2.0] AndroidManifest.xml:40:5-92
44-->[com.onesignal:OneSignal:4.2.0] AndroidManifest.xml:40:22-89
45    <uses-permission android:name="com.huawei.android.launcher.permission.WRITE_SETTINGS" /> <!-- ZUK -->
45-->[com.onesignal:OneSignal:4.2.0] AndroidManifest.xml:41:5-93
45-->[com.onesignal:OneSignal:4.2.0] AndroidManifest.xml:41:22-90
46    <uses-permission android:name="android.permission.READ_APP_BADGE" /> <!-- OPPO -->
46-->[com.onesignal:OneSignal:4.2.0] AndroidManifest.xml:42:5-73
46-->[com.onesignal:OneSignal:4.2.0] AndroidManifest.xml:42:22-70
47    <uses-permission android:name="com.oppo.launcher.permission.READ_SETTINGS" />
47-->[com.onesignal:OneSignal:4.2.0] AndroidManifest.xml:43:5-82
47-->[com.onesignal:OneSignal:4.2.0] AndroidManifest.xml:43:22-79
48    <uses-permission android:name="com.oppo.launcher.permission.WRITE_SETTINGS" /> <!-- EvMe -->
48-->[com.onesignal:OneSignal:4.2.0] AndroidManifest.xml:44:5-83
48-->[com.onesignal:OneSignal:4.2.0] AndroidManifest.xml:44:22-80
49    <uses-permission android:name="me.everything.badger.permission.BADGE_COUNT_READ" />
49-->[com.onesignal:OneSignal:4.2.0] AndroidManifest.xml:45:5-88
49-->[com.onesignal:OneSignal:4.2.0] AndroidManifest.xml:45:22-85
50    <uses-permission android:name="me.everything.badger.permission.BADGE_COUNT_WRITE" />
50-->[com.onesignal:OneSignal:4.2.0] AndroidManifest.xml:46:5-89
50-->[com.onesignal:OneSignal:4.2.0] AndroidManifest.xml:46:22-86
51    <uses-permission android:name="com.google.android.finsky.permission.BIND_GET_INSTALL_REFERRER_SERVICE" /> <!-- Android package visibility setting -->
51-->[com.google.android.gms:play-services-measurement:18.0.2] AndroidManifest.xml:26:5-110
51-->[com.google.android.gms:play-services-measurement:18.0.2] AndroidManifest.xml:26:22-107
52    <queries>
52-->[com.google.android.gms:play-services-ads-lite:20.0.0] AndroidManifest.xml:27:5-43:15
53
54        <!-- For browser content -->
55        <intent>
55-->[com.google.android.gms:play-services-ads-lite:20.0.0] AndroidManifest.xml:30:9-36:18
56            <action android:name="android.intent.action.VIEW" />
56-->[com.onesignal:OneSignal:4.2.0] AndroidManifest.xml:74:17-69
56-->[com.onesignal:OneSignal:4.2.0] AndroidManifest.xml:74:25-66
57
58            <category android:name="android.intent.category.BROWSABLE" />
58-->[com.google.android.gms:play-services-ads-lite:20.0.0] AndroidManifest.xml:33:13-74
58-->[com.google.android.gms:play-services-ads-lite:20.0.0] AndroidManifest.xml:33:23-71
59
60            <data android:scheme="https" />
60-->[com.google.android.gms:play-services-ads-lite:20.0.0] AndroidManifest.xml:35:13-44
60-->[com.google.android.gms:play-services-ads-lite:20.0.0] AndroidManifest.xml:35:19-41
61        </intent>
62        <!-- End of browser content -->
63        <!-- For CustomTabsService -->
64        <intent>
64-->[com.google.android.gms:play-services-ads-lite:20.0.0] AndroidManifest.xml:39:9-41:18
65            <action android:name="android.support.customtabs.action.CustomTabsService" />
65-->[com.google.android.gms:play-services-ads-lite:20.0.0] AndroidManifest.xml:40:13-90
65-->[com.google.android.gms:play-services-ads-lite:20.0.0] AndroidManifest.xml:40:21-87
66        </intent>
67        <!-- End of CustomTabsService -->
68    </queries>
69
70    <application
71        android:name="com.ramadan.islami.Application"
71-->src\main\AndroidManifest.xml:19:9-36
72        android:allowBackup="true"
72-->src\main\AndroidManifest.xml:20:9-35
73        android:appComponentFactory="androidx.core.app.CoreComponentFactory"
73-->[androidx.core:core:1.5.0-rc01] AndroidManifest.xml:24:18-86
74        android:icon="@mipmap/ic_launcher"
74-->src\main\AndroidManifest.xml:21:9-43
75        android:label="@string/app_name"
75-->src\main\AndroidManifest.xml:22:9-41
76        android:largeHeap="true"
76-->src\main\AndroidManifest.xml:23:9-33
77        android:logo="@mipmap/ic_launcher"
77-->src\main\AndroidManifest.xml:24:9-43
78        android:networkSecurityConfig="@xml/network_security_config"
78-->src\main\AndroidManifest.xml:25:9-69
79        android:roundIcon="@mipmap/ic_launcher_round"
79-->src\main\AndroidManifest.xml:26:9-54
80        android:supportsRtl="true"
80-->src\main\AndroidManifest.xml:27:9-35
81        android:theme="@style/AppTheme"
81-->src\main\AndroidManifest.xml:28:9-40
82        android:usesCleartextTraffic="true" >
82-->src\main\AndroidManifest.xml:29:9-68
83        <receiver
83-->src\main\AndroidManifest.xml:33:9-39:20
84            android:name="com.ramadan.islami.Azan"
84-->src\main\AndroidManifest.xml:34:13-33
85            android:exported="true" >
85-->src\main\AndroidManifest.xml:35:13-36
86            <intent-filter>
86-->src\main\AndroidManifest.xml:36:13-38:29
87                <action android:name="android.intent.action.BOOT_COMPLETED" />
87-->src\main\AndroidManifest.xml:37:17-79
87-->src\main\AndroidManifest.xml:37:25-76
88            </intent-filter>
89        </receiver>
90        <receiver android:name="com.ramadan.islami.AutoStart" >
90-->src\main\AndroidManifest.xml:41:9-48:20
90-->src\main\AndroidManifest.xml:41:19-44
91            <intent-filter>
91-->src\main\AndroidManifest.xml:42:13-47:29
92                <category android:name="android.intent.category.DEFAULT" />
92-->src\main\AndroidManifest.xml:43:17-76
92-->src\main\AndroidManifest.xml:43:27-73
93
94                <action android:name="android.intent.action.BOOT_COMPLETED" />
94-->src\main\AndroidManifest.xml:37:17-79
94-->src\main\AndroidManifest.xml:37:25-76
95                <action android:name="android.intent.action.QUICKBOOT_POWERON" />
95-->src\main\AndroidManifest.xml:46:17-82
95-->src\main\AndroidManifest.xml:46:25-79
96            </intent-filter>
97        </receiver>
98
99        <meta-data
99-->src\main\AndroidManifest.xml:50:9-52:45
100            android:name="com.google.android.gms.ads.APPLICATION_ID"
100-->src\main\AndroidManifest.xml:51:13-69
101            android:value="@string/ad_id" />
101-->src\main\AndroidManifest.xml:52:13-42
102        <meta-data
102-->src\main\AndroidManifest.xml:53:9-55:77
103            android:name="com.onesignal.NotificationServiceExtension"
103-->src\main\AndroidManifest.xml:54:13-70
104            android:value="com.ramadan.islami.utils.NotificationReceived" />
104-->src\main\AndroidManifest.xml:55:13-74
105
106        <activity
106-->src\main\AndroidManifest.xml:57:9-65:20
107            android:name="com.ramadan.islami.ui.activity.SplashScreen"
107-->src\main\AndroidManifest.xml:58:13-53
108            android:theme="@style/AppTheme_NoActionBar" >
108-->src\main\AndroidManifest.xml:59:13-56
109            <intent-filter>
109-->src\main\AndroidManifest.xml:60:13-64:29
110                <action android:name="android.intent.action.MAIN" />
110-->src\main\AndroidManifest.xml:61:17-69
110-->src\main\AndroidManifest.xml:61:25-66
111
112                <category android:name="android.intent.category.LAUNCHER" />
112-->src\main\AndroidManifest.xml:63:17-77
112-->src\main\AndroidManifest.xml:63:27-74
113            </intent-filter>
114        </activity>
115        <activity
115-->src\main\AndroidManifest.xml:66:9-69:59
116            android:name="com.ramadan.islami.ui.activity.MainActivity"
116-->src\main\AndroidManifest.xml:67:13-53
117            android:label="@string/app_name"
117-->src\main\AndroidManifest.xml:68:13-45
118            android:theme="@style/AppTheme_NoActionBar" />
118-->src\main\AndroidManifest.xml:69:13-56
119        <activity
119-->src\main\AndroidManifest.xml:70:9-72:51
120            android:name="com.ramadan.islami.ui.activity.QuoteOfDay"
120-->src\main\AndroidManifest.xml:71:13-51
121            android:label="@string/hadithOfDay" />
121-->src\main\AndroidManifest.xml:72:13-48
122        <activity
122-->src\main\AndroidManifest.xml:73:9-75:46
123            android:name="com.ramadan.islami.ui.activity.Quote"
123-->src\main\AndroidManifest.xml:74:13-46
124            android:label="@string/quotes" />
124-->src\main\AndroidManifest.xml:75:13-43
125        <activity
125-->src\main\AndroidManifest.xml:76:9-78:47
126            android:name="com.ramadan.islami.ui.activity.StoryDetails"
126-->src\main\AndroidManifest.xml:77:13-53
127            android:label="@string/stories" />
127-->src\main\AndroidManifest.xml:78:13-44
128        <activity
128-->src\main\AndroidManifest.xml:79:9-82:56
129            android:name="com.ramadan.islami.ui.activity.DateConversion"
129-->src\main\AndroidManifest.xml:80:13-55
130            android:label="@string/dateConversion"
130-->src\main\AndroidManifest.xml:81:13-51
131            android:theme="@style/AppTheme_Material" />
131-->src\main\AndroidManifest.xml:82:13-53
132        <activity
132-->src\main\AndroidManifest.xml:83:9-85:50
133            android:name="com.ramadan.islami.ui.activity.AllahNames"
133-->src\main\AndroidManifest.xml:84:13-51
134            android:label="@string/allahNames" />
134-->src\main\AndroidManifest.xml:85:13-47
135        <activity
135-->src\main\AndroidManifest.xml:86:9-88:51
136            android:name="com.ramadan.islami.ui.activity.PrayerTimes"
136-->src\main\AndroidManifest.xml:87:13-52
137            android:label="@string/prayerTimes" />
137-->src\main\AndroidManifest.xml:88:13-48
138        <activity
138-->src\main\AndroidManifest.xml:89:9-91:47
139            android:name="com.ramadan.islami.ui.activity.Hadiths"
139-->src\main\AndroidManifest.xml:90:13-48
140            android:label="@string/hadiths" />
140-->src\main\AndroidManifest.xml:91:13-44
141        <activity
141-->src\main\AndroidManifest.xml:92:9-94:45
142            android:name="com.ramadan.islami.ui.activity.Qibla"
142-->src\main\AndroidManifest.xml:93:13-46
143            android:label="@string/qibla" />
143-->src\main\AndroidManifest.xml:94:13-42
144        <activity
144-->src\main\AndroidManifest.xml:95:9-97:59
145            android:name="com.ramadan.islami.ui.activity.TopicDetails"
145-->src\main\AndroidManifest.xml:96:13-53
146            android:theme="@style/AppTheme_NoActionBar" />
146-->src\main\AndroidManifest.xml:97:13-56
147        <activity
147-->src\main\AndroidManifest.xml:98:9-101:50
148            android:name="com.ramadan.islami.ui.activity.VideoDetails"
148-->src\main\AndroidManifest.xml:99:13-53
149            android:configChanges="orientation|screenSize|keyboardHidden|smallestScreenSize|screenLayout"
149-->src\main\AndroidManifest.xml:100:13-106
150            android:hardwareAccelerated="true" />
150-->src\main\AndroidManifest.xml:101:13-47
151        <activity
151-->src\main\AndroidManifest.xml:102:9-104:46
152            android:name="com.ramadan.islami.ui.activity.VideoList"
152-->src\main\AndroidManifest.xml:103:13-50
153            android:label="@string/videos" />
153-->src\main\AndroidManifest.xml:104:13-43
154        <activity
154-->src\main\AndroidManifest.xml:105:9-107:46
155            android:name="com.ramadan.islami.ui.activity.TopicList"
155-->src\main\AndroidManifest.xml:106:13-50
156            android:label="@string/topics" />
156-->src\main\AndroidManifest.xml:107:13-43
157        <activity android:name="com.ramadan.islami.ui.activity.MonthPrayerTimes" />
157-->src\main\AndroidManifest.xml:108:9-66
157-->src\main\AndroidManifest.xml:108:19-63
158        <activity
158-->src\main\AndroidManifest.xml:109:9-112:58
159            android:name="com.ramadan.islami.ui.activity.AzanActivity"
159-->src\main\AndroidManifest.xml:110:13-53
160            android:configChanges="orientation|keyboardHidden|screenSize"
160-->src\main\AndroidManifest.xml:111:13-74
161            android:theme="@style/AppTheme_FullScreen" />
161-->src\main\AndroidManifest.xml:112:13-55
162
163        <receiver
163-->[com.onesignal:OneSignal:4.2.0] AndroidManifest.xml:49:9-59:20
164            android:name="com.onesignal.FCMBroadcastReceiver"
164-->[com.onesignal:OneSignal:4.2.0] AndroidManifest.xml:50:13-62
165            android:permission="com.google.android.c2dm.permission.SEND" >
165-->[com.onesignal:OneSignal:4.2.0] AndroidManifest.xml:51:13-73
166
167            <!-- High priority so OneSignal payloads can be filtered from other FCM receivers -->
168            <intent-filter android:priority="999" >
168-->[com.onesignal:OneSignal:4.2.0] AndroidManifest.xml:54:13-58:29
168-->[com.onesignal:OneSignal:4.2.0] AndroidManifest.xml:54:28-50
169                <action android:name="com.google.android.c2dm.intent.RECEIVE" />
169-->[com.onesignal:OneSignal:4.2.0] AndroidManifest.xml:55:17-81
169-->[com.onesignal:OneSignal:4.2.0] AndroidManifest.xml:55:25-78
170
171                <category android:name="com.ramadan.islami" />
171-->[com.onesignal:OneSignal:4.2.0] AndroidManifest.xml:57:17-61
171-->[com.onesignal:OneSignal:4.2.0] AndroidManifest.xml:57:27-58
172            </intent-filter>
173        </receiver>
174
175        <service
175-->[com.onesignal:OneSignal:4.2.0] AndroidManifest.xml:61:9-67:19
176            android:name="com.onesignal.HmsMessageServiceOneSignal"
176-->[com.onesignal:OneSignal:4.2.0] AndroidManifest.xml:62:13-68
177            android:exported="false" >
177-->[com.onesignal:OneSignal:4.2.0] AndroidManifest.xml:63:13-37
178            <intent-filter>
178-->[com.onesignal:OneSignal:4.2.0] AndroidManifest.xml:64:13-66:29
179                <action android:name="com.huawei.push.action.MESSAGING_EVENT" />
179-->[com.onesignal:OneSignal:4.2.0] AndroidManifest.xml:65:17-81
179-->[com.onesignal:OneSignal:4.2.0] AndroidManifest.xml:65:25-78
180            </intent-filter>
181        </service>
182
183        <activity
183-->[com.onesignal:OneSignal:4.2.0] AndroidManifest.xml:69:9-76:20
184            android:name="com.onesignal.NotificationOpenedActivityHMS"
184-->[com.onesignal:OneSignal:4.2.0] AndroidManifest.xml:70:13-71
185            android:noHistory="true"
185-->[com.onesignal:OneSignal:4.2.0] AndroidManifest.xml:71:13-37
186            android:theme="@android:style/Theme.Translucent.NoTitleBar" >
186-->[com.onesignal:OneSignal:4.2.0] AndroidManifest.xml:72:13-72
187            <intent-filter>
187-->[com.onesignal:OneSignal:4.2.0] AndroidManifest.xml:73:13-75:29
188                <action android:name="android.intent.action.VIEW" />
188-->[com.onesignal:OneSignal:4.2.0] AndroidManifest.xml:74:17-69
188-->[com.onesignal:OneSignal:4.2.0] AndroidManifest.xml:74:25-66
189            </intent-filter>
190        </activity>
191
192        <service android:name="com.onesignal.FCMIntentService" />
192-->[com.onesignal:OneSignal:4.2.0] AndroidManifest.xml:78:9-66
192-->[com.onesignal:OneSignal:4.2.0] AndroidManifest.xml:78:18-63
193        <service
193-->[com.onesignal:OneSignal:4.2.0] AndroidManifest.xml:79:9-81:72
194            android:name="com.onesignal.FCMIntentJobService"
194-->[com.onesignal:OneSignal:4.2.0] AndroidManifest.xml:80:13-61
195            android:permission="android.permission.BIND_JOB_SERVICE" />
195-->[com.onesignal:OneSignal:4.2.0] AndroidManifest.xml:81:13-69
196        <service
196-->[com.onesignal:OneSignal:4.2.0] AndroidManifest.xml:82:9-84:43
197            android:name="com.onesignal.FocusDelaySyncService"
197-->[com.onesignal:OneSignal:4.2.0] AndroidManifest.xml:83:13-63
198            android:stopWithTask="true" />
198-->[com.onesignal:OneSignal:4.2.0] AndroidManifest.xml:84:13-40
199        <service
199-->[com.onesignal:OneSignal:4.2.0] AndroidManifest.xml:85:9-87:72
200            android:name="com.onesignal.FocusDelaySyncJobService"
200-->[com.onesignal:OneSignal:4.2.0] AndroidManifest.xml:86:13-66
201            android:permission="android.permission.BIND_JOB_SERVICE" />
201-->[com.onesignal:OneSignal:4.2.0] AndroidManifest.xml:87:13-69
202        <service
202-->[com.onesignal:OneSignal:4.2.0] AndroidManifest.xml:88:9-90:43
203            android:name="com.onesignal.SyncService"
203-->[com.onesignal:OneSignal:4.2.0] AndroidManifest.xml:89:13-53
204            android:stopWithTask="true" />
204-->[com.onesignal:OneSignal:4.2.0] AndroidManifest.xml:90:13-40
205        <service
205-->[com.onesignal:OneSignal:4.2.0] AndroidManifest.xml:91:9-93:72
206            android:name="com.onesignal.SyncJobService"
206-->[com.onesignal:OneSignal:4.2.0] AndroidManifest.xml:92:13-56
207            android:permission="android.permission.BIND_JOB_SERVICE" />
207-->[com.onesignal:OneSignal:4.2.0] AndroidManifest.xml:93:13-69
208
209        <activity
209-->[com.onesignal:OneSignal:4.2.0] AndroidManifest.xml:95:9-97:75
210            android:name="com.onesignal.PermissionsActivity"
210-->[com.onesignal:OneSignal:4.2.0] AndroidManifest.xml:96:13-61
211            android:theme="@android:style/Theme.Translucent.NoTitleBar" />
211-->[com.onesignal:OneSignal:4.2.0] AndroidManifest.xml:97:13-72
212
213        <receiver android:name="com.onesignal.NotificationDismissReceiver" />
213-->[com.onesignal:OneSignal:4.2.0] AndroidManifest.xml:99:9-78
213-->[com.onesignal:OneSignal:4.2.0] AndroidManifest.xml:99:19-75
214        <receiver android:name="com.onesignal.BootUpReceiver" >
214-->[com.onesignal:OneSignal:4.2.0] AndroidManifest.xml:100:9-105:20
214-->[com.onesignal:OneSignal:4.2.0] AndroidManifest.xml:100:19-62
215            <intent-filter>
215-->[com.onesignal:OneSignal:4.2.0] AndroidManifest.xml:101:13-104:29
216                <action android:name="android.intent.action.BOOT_COMPLETED" />
216-->src\main\AndroidManifest.xml:37:17-79
216-->src\main\AndroidManifest.xml:37:25-76
217                <action android:name="android.intent.action.QUICKBOOT_POWERON" />
217-->src\main\AndroidManifest.xml:46:17-82
217-->src\main\AndroidManifest.xml:46:25-79
218            </intent-filter>
219        </receiver>
220        <receiver android:name="com.onesignal.UpgradeReceiver" >
220-->[com.onesignal:OneSignal:4.2.0] AndroidManifest.xml:106:9-110:20
220-->[com.onesignal:OneSignal:4.2.0] AndroidManifest.xml:106:19-63
221            <intent-filter>
221-->[com.onesignal:OneSignal:4.2.0] AndroidManifest.xml:107:13-109:29
222                <action android:name="android.intent.action.MY_PACKAGE_REPLACED" />
222-->[com.onesignal:OneSignal:4.2.0] AndroidManifest.xml:108:17-84
222-->[com.onesignal:OneSignal:4.2.0] AndroidManifest.xml:108:25-81
223            </intent-filter>
224        </receiver>
225
226        <activity
226-->[com.onesignal:OneSignal:4.2.0] AndroidManifest.xml:112:9-115:75
227            android:name="com.onesignal.NotificationOpenedReceiver"
227-->[com.onesignal:OneSignal:4.2.0] AndroidManifest.xml:113:13-68
228            android:noHistory="true"
228-->[com.onesignal:OneSignal:4.2.0] AndroidManifest.xml:114:13-37
229            android:theme="@android:style/Theme.Translucent.NoTitleBar" />
229-->[com.onesignal:OneSignal:4.2.0] AndroidManifest.xml:115:13-72
230
231        <service
231-->[com.google.firebase:firebase-crashlytics-ktx:17.4.0] AndroidManifest.xml:24:9-30:19
232            android:name="com.google.firebase.components.ComponentDiscoveryService"
232-->[com.google.firebase:firebase-crashlytics-ktx:17.4.0] AndroidManifest.xml:25:13-84
233            android:directBootAware="true"
233-->[com.google.firebase:firebase-common:19.5.0] AndroidManifest.xml:35:13-43
234            android:exported="false" >
234-->[com.google.firebase:firebase-crashlytics-ktx:17.4.0] AndroidManifest.xml:26:13-37
235            <meta-data
235-->[com.google.firebase:firebase-crashlytics-ktx:17.4.0] AndroidManifest.xml:27:13-29:85
236                android:name="com.google.firebase.components:com.google.firebase.crashlytics.ktx.FirebaseCrashlyticsKtxRegistrar"
236-->[com.google.firebase:firebase-crashlytics-ktx:17.4.0] AndroidManifest.xml:28:17-130
237                android:value="com.google.firebase.components.ComponentRegistrar" />
237-->[com.google.firebase:firebase-crashlytics-ktx:17.4.0] AndroidManifest.xml:29:17-82
238            <meta-data
238-->[com.google.firebase:firebase-analytics-ktx:18.0.2] AndroidManifest.xml:11:13-13:85
239                android:name="com.google.firebase.components:com.google.firebase.analytics.ktx.FirebaseAnalyticsKtxRegistrar"
239-->[com.google.firebase:firebase-analytics-ktx:18.0.2] AndroidManifest.xml:12:17-126
240                android:value="com.google.firebase.components.ComponentRegistrar" />
240-->[com.google.firebase:firebase-analytics-ktx:18.0.2] AndroidManifest.xml:13:17-82
241            <meta-data
241-->[com.google.firebase:firebase-firestore-ktx:22.1.1] AndroidManifest.xml:15:13-17:85
242                android:name="com.google.firebase.components:com.google.firebase.firestore.ktx.FirebaseFirestoreKtxRegistrar"
242-->[com.google.firebase:firebase-firestore-ktx:22.1.1] AndroidManifest.xml:16:17-126
243                android:value="com.google.firebase.components.ComponentRegistrar" />
243-->[com.google.firebase:firebase-firestore-ktx:22.1.1] AndroidManifest.xml:17:17-82
244            <meta-data
244-->[com.google.firebase:firebase-common-ktx:19.5.0] AndroidManifest.xml:15:13-17:85
245                android:name="com.google.firebase.components:com.google.firebase.ktx.FirebaseCommonKtxRegistrar"
245-->[com.google.firebase:firebase-common-ktx:19.5.0] AndroidManifest.xml:16:17-113
246                android:value="com.google.firebase.components.ComponentRegistrar" />
246-->[com.google.firebase:firebase-common-ktx:19.5.0] AndroidManifest.xml:17:17-82
247            <meta-data
247-->[com.google.firebase:firebase-messaging:21.0.1] AndroidManifest.xml:39:13-41:85
248                android:name="com.google.firebase.components:com.google.firebase.messaging.FirebaseMessagingRegistrar"
248-->[com.google.firebase:firebase-messaging:21.0.1] AndroidManifest.xml:40:17-119
249                android:value="com.google.firebase.components.ComponentRegistrar" />
249-->[com.google.firebase:firebase-messaging:21.0.1] AndroidManifest.xml:41:17-82
250            <meta-data
250-->[com.google.firebase:firebase-firestore:22.1.1] AndroidManifest.xml:20:13-22:85
251                android:name="com.google.firebase.components:com.google.firebase.firestore.FirestoreRegistrar"
251-->[com.google.firebase:firebase-firestore:22.1.1] AndroidManifest.xml:21:17-111
252                android:value="com.google.firebase.components.ComponentRegistrar" />
252-->[com.google.firebase:firebase-firestore:22.1.1] AndroidManifest.xml:22:17-82
253            <meta-data
253-->[com.google.firebase:firebase-iid:21.0.1] AndroidManifest.xml:32:13-34:85
254                android:name="com.google.firebase.components:com.google.firebase.iid.Registrar"
254-->[com.google.firebase:firebase-iid:21.0.1] AndroidManifest.xml:33:17-96
255                android:value="com.google.firebase.components.ComponentRegistrar" />
255-->[com.google.firebase:firebase-iid:21.0.1] AndroidManifest.xml:34:17-82
256            <meta-data
256-->[com.google.firebase:firebase-crashlytics:17.4.0] AndroidManifest.xml:18:13-20:85
257                android:name="com.google.firebase.components:com.google.firebase.crashlytics.CrashlyticsRegistrar"
257-->[com.google.firebase:firebase-crashlytics:17.4.0] AndroidManifest.xml:19:17-115
258                android:value="com.google.firebase.components.ComponentRegistrar" />
258-->[com.google.firebase:firebase-crashlytics:17.4.0] AndroidManifest.xml:20:17-82
259            <meta-data
259-->[com.google.android.gms:play-services-measurement-api:18.0.2] AndroidManifest.xml:30:13-32:85
260                android:name="com.google.firebase.components:com.google.firebase.analytics.connector.internal.AnalyticsConnectorRegistrar"
260-->[com.google.android.gms:play-services-measurement-api:18.0.2] AndroidManifest.xml:31:17-139
261                android:value="com.google.firebase.components.ComponentRegistrar" />
261-->[com.google.android.gms:play-services-measurement-api:18.0.2] AndroidManifest.xml:32:17-82
262            <meta-data
262-->[com.google.firebase:firebase-datatransport:17.0.10] AndroidManifest.xml:28:13-30:85
263                android:name="com.google.firebase.components:com.google.firebase.datatransport.TransportRegistrar"
263-->[com.google.firebase:firebase-datatransport:17.0.10] AndroidManifest.xml:29:17-115
264                android:value="com.google.firebase.components.ComponentRegistrar" />
264-->[com.google.firebase:firebase-datatransport:17.0.10] AndroidManifest.xml:30:17-82
265            <meta-data
265-->[com.google.firebase:firebase-installations:16.3.5] AndroidManifest.xml:18:13-20:85